<?xml version="1.0" encoding="UTF-8"?>
<coverage generated="1739039331419" clover="3.2.0">
  <project timestamp="1739039331420" name="All files">
    <metrics statements="163" coveredstatements="134" conditionals="72" coveredconditionals="46" methods="61" coveredmethods="45" elements="296" coveredelements="225" complexity="0" loc="163" ncloc="163" packages="6" files="19" classes="19"/>
    <package name="foodiesankur-1">
      <metrics statements="1" coveredstatements="1" conditionals="0" coveredconditionals="0" methods="0" coveredmethods="0"/>
      <file name="jest-css-mock.js" path="C:\Users\ankur\OneDrive\Desktop\foodies\foodiesankur-1\jest-css-mock.js">
        <metrics statements="1" coveredstatements="1" conditionals="0" coveredconditionals="0" methods="0" coveredmethods="0"/>
        <line num="1" count="1" type="stmt"/>
      </file>
    </package>
    <package name="foodiesankur-1.src.Components">
      <metrics statements="94" coveredstatements="77" conditionals="38" coveredconditionals="26" methods="34" coveredmethods="25"/>
      <file name="Body.js" path="C:\Users\ankur\OneDrive\Desktop\foodies\foodiesankur-1\src\Components\Body.js">
        <metrics statements="38" coveredstatements="32" conditionals="12" coveredconditionals="7" methods="9" coveredmethods="9"/>
        <line num="10" count="1" type="stmt"/>
        <line num="11" count="7" type="stmt"/>
        <line num="12" count="7" type="stmt"/>
        <line num="13" count="7" type="stmt"/>
        <line num="14" count="7" type="stmt"/>
        <line num="16" count="7" type="stmt"/>
        <line num="17" count="7" type="stmt"/>
        <line num="20" count="7" type="stmt"/>
        <line num="21" count="2" type="stmt"/>
        <line num="24" count="7" type="stmt"/>
        <line num="25" count="2" type="stmt"/>
        <line num="28" count="2" type="stmt"/>
        <line num="32" count="2" type="stmt"/>
        <line num="35" count="2" type="cond" truecount="1" falsecount="1"/>
        <line num="36" count="2" type="stmt"/>
        <line num="37" count="2" type="stmt"/>
        <line num="38" count="2" type="stmt"/>
        <line num="40" count="0" type="stmt"/>
        <line num="46" count="7" type="stmt"/>
        <line num="47" count="7" type="cond" truecount="1" falsecount="1"/>
        <line num="48" count="0" type="stmt"/>
        <line num="52" count="7" type="cond" truecount="2" falsecount="0"/>
        <line num="65" count="1" type="stmt"/>
        <line num="66" count="1" type="cond" truecount="1" falsecount="1"/>
        <line num="67" count="0" type="stmt"/>
        <line num="74" count="1" type="stmt"/>
        <line num="75" count="20" type="stmt"/>
        <line num="79" count="1" type="cond" truecount="1" falsecount="1"/>
        <line num="80" count="1" type="stmt"/>
        <line num="82" count="0" type="stmt"/>
        <line num="93" count="1" type="stmt"/>
        <line num="94" count="20" type="stmt"/>
        <line num="97" count="1" type="cond" truecount="1" falsecount="1"/>
        <line num="98" count="1" type="stmt"/>
        <line num="99" count="1" type="stmt"/>
        <line num="101" count="0" type="stmt"/>
        <line num="102" count="0" type="stmt"/>
        <line num="126" count="76" type="stmt"/>
      </file>
      <file name="Cart.js" path="C:\Users\ankur\OneDrive\Desktop\foodies\foodiesankur-1\src\Components\Cart.js">
        <metrics statements="18" coveredstatements="12" conditionals="8" coveredconditionals="6" methods="11" coveredmethods="5"/>
        <line num="7" count="1" type="stmt"/>
        <line num="9" count="8" type="stmt"/>
        <line num="10" count="4" type="stmt"/>
        <line num="12" count="4" type="stmt"/>
        <line num="13" count="1" type="stmt"/>
        <line num="16" count="4" type="stmt"/>
        <line num="18" count="0" type="stmt"/>
        <line num="21" count="4" type="stmt"/>
        <line num="22" count="0" type="stmt"/>
        <line num="25" count="4" type="stmt"/>
        <line num="26" count="0" type="stmt"/>
        <line num="29" count="4" type="stmt"/>
        <line num="30" count="3" type="stmt"/>
        <line num="37" count="4" type="stmt"/>
        <line num="53" count="3" type="stmt"/>
        <line num="86" count="0" type="stmt"/>
        <line num="94" count="0" type="stmt"/>
        <line num="102" count="0" type="stmt"/>
      </file>
      <file name="ContactUs.js" path="C:\Users\ankur\OneDrive\Desktop\foodies\foodiesankur-1\src\Components\ContactUs.js">
        <metrics statements="2" coveredstatements="2" conditionals="0" coveredconditionals="0" methods="1" coveredmethods="1"/>
        <line num="1" count="1" type="stmt"/>
        <line num="2" count="4" type="stmt"/>
      </file>
      <file name="Header.js" path="C:\Users\ankur\OneDrive\Desktop\foodies\foodiesankur-1\src\Components\Header.js">
        <metrics statements="14" coveredstatements="10" conditionals="8" coveredconditionals="6" methods="5" coveredmethods="3"/>
        <line num="8" count="2" type="stmt"/>
        <line num="9" count="8" type="stmt"/>
        <line num="10" count="8" type="stmt"/>
        <line num="16" count="8" type="stmt"/>
        <line num="17" count="15" type="stmt"/>
        <line num="20" count="8" type="stmt"/>
        <line num="22" count="8" type="stmt"/>
        <line num="23" count="0" type="stmt"/>
        <line num="24" count="0" type="stmt"/>
        <line num="27" count="8" type="stmt"/>
        <line num="28" count="0" type="stmt"/>
        <line num="29" count="0" type="stmt"/>
        <line num="33" count="8" type="stmt"/>
        <line num="62" count="1" type="cond" truecount="1" falsecount="1"/>
      </file>
      <file name="RestuarentCard.js" path="C:\Users\ankur\OneDrive\Desktop\foodies\foodiesankur-1\src\Components\RestuarentCard.js">
        <metrics statements="6" coveredstatements="5" conditionals="0" coveredconditionals="0" methods="3" coveredmethods="2"/>
        <line num="4" count="2" type="stmt"/>
        <line num="7" count="78" type="stmt"/>
        <line num="9" count="78" type="stmt"/>
        <line num="27" count="2" type="stmt"/>
        <line num="28" count="7" type="stmt"/>
        <line num="29" count="0" type="stmt"/>
      </file>
      <file name="RestuarentMenu.js" path="C:\Users\ankur\OneDrive\Desktop\foodies\foodiesankur-1\src\Components\RestuarentMenu.js">
        <metrics statements="14" coveredstatements="14" conditionals="10" coveredconditionals="7" methods="4" coveredmethods="4"/>
        <line num="11" count="1" type="stmt"/>
        <line num="12" count="3" type="stmt"/>
        <line num="13" count="3" type="stmt"/>
        <line num="14" count="3" type="stmt"/>
        <line num="17" count="3" type="stmt"/>
        <line num="19" count="3" type="cond" truecount="2" falsecount="0"/>
        <line num="20" count="1" type="stmt"/>
        <line num="23" count="2" type="stmt"/>
        <line num="33" count="2" type="cond" truecount="1" falsecount="1"/>
        <line num="36" count="2" type="cond" truecount="1" falsecount="1"/>
        <line num="37" count="44" type="stmt"/>
        <line num="40" count="2" type="stmt"/>
        <line num="66" count="36" type="stmt"/>
        <line num="69" count="1" type="cond" truecount="1" falsecount="1"/>
      </file>
      <file name="Shimmer.js" path="C:\Users\ankur\OneDrive\Desktop\foodies\foodiesankur-1\src\Components\Shimmer.js">
        <metrics statements="2" coveredstatements="2" conditionals="0" coveredconditionals="0" methods="1" coveredmethods="1"/>
        <line num="3" count="2" type="stmt"/>
        <line num="4" count="3" type="stmt"/>
      </file>
    </package>
    <package name="foodiesankur-1.src.Components.Restuarents">
      <metrics statements="30" coveredstatements="29" conditionals="28" coveredconditionals="19" methods="12" coveredmethods="12"/>
      <file name="RestuarentCateogies.js" path="C:\Users\ankur\OneDrive\Desktop\foodies\foodiesankur-1\src\Components\Restuarents\RestuarentCateogies.js">
        <metrics statements="4" coveredstatements="4" conditionals="2" coveredconditionals="2" methods="2" coveredmethods="2"/>
        <line num="5" count="1" type="stmt"/>
        <line num="7" count="36" type="stmt"/>
        <line num="8" count="1" type="stmt"/>
        <line num="12" count="36" type="stmt"/>
      </file>
      <file name="RestuarentFood.js" path="C:\Users\ankur\OneDrive\Desktop\foodies\foodiesankur-1\src\Components\Restuarents\RestuarentFood.js">
        <metrics statements="11" coveredstatements="10" conditionals="20" coveredconditionals="13" methods="2" coveredmethods="2"/>
        <line num="6" count="1" type="stmt"/>
        <line num="10" count="2" type="stmt"/>
        <line num="14" count="2" type="cond" truecount="1" falsecount="2"/>
        <line num="16" count="2" type="cond" truecount="3" falsecount="1"/>
        <line num="17" count="0" type="stmt"/>
        <line num="19" count="2" type="stmt"/>
        <line num="21" count="2" type="stmt"/>
        <line num="28" count="26" type="cond" truecount="2" falsecount="0"/>
        <line num="30" count="26" type="cond" truecount="2" falsecount="1"/>
        <line num="32" count="26" type="cond" truecount="3" falsecount="1"/>
        <line num="39" count="26" type="stmt"/>
      </file>
      <file name="RestuarentOffers.js" path="C:\Users\ankur\OneDrive\Desktop\foodies\foodiesankur-1\src\Components\Restuarents\RestuarentOffers.js">
        <metrics statements="5" coveredstatements="5" conditionals="2" coveredconditionals="1" methods="3" coveredmethods="3"/>
        <line num="3" count="1" type="stmt"/>
        <line num="5" count="2" type="cond" truecount="1" falsecount="1"/>
        <line num="6" count="10" type="stmt"/>
        <line num="10" count="2" type="stmt"/>
        <line num="15" count="10" type="stmt"/>
      </file>
      <file name="Restuarent_ItemList.js" path="C:\Users\ankur\OneDrive\Desktop\foodies\foodiesankur-1\src\Components\Restuarents\Restuarent_ItemList.js">
        <metrics statements="10" coveredstatements="10" conditionals="4" coveredconditionals="3" methods="5" coveredmethods="5"/>
        <line num="5" count="1" type="stmt"/>
        <line num="6" count="4" type="stmt"/>
        <line num="8" count="4" type="stmt"/>
        <line num="9" count="8" type="stmt"/>
        <line num="12" count="4" type="stmt"/>
        <line num="14" count="2" type="stmt"/>
        <line num="15" count="2" type="stmt"/>
        <line num="19" count="4" type="stmt"/>
        <line num="22" count="52" type="stmt"/>
        <line num="48" count="2" type="stmt"/>
      </file>
    </package>
    <package name="foodiesankur-1.src.utils">
      <metrics statements="21" coveredstatements="19" conditionals="0" coveredconditionals="0" methods="7" coveredmethods="5"/>
      <file name="UserContext.js" path="C:\Users\ankur\OneDrive\Desktop\foodies\foodiesankur-1\src\utils\UserContext.js">
        <metrics statements="1" coveredstatements="1" conditionals="0" coveredconditionals="0" methods="0" coveredmethods="0"/>
        <line num="3" count="3" type="stmt"/>
      </file>
      <file name="constant.js" path="C:\Users\ankur\OneDrive\Desktop\foodies\foodiesankur-1\src\utils\constant.js">
        <metrics statements="2" coveredstatements="2" conditionals="0" coveredconditionals="0" methods="0" coveredmethods="0"/>
        <line num="1" count="3" type="stmt"/>
        <line num="3" count="3" type="stmt"/>
      </file>
      <file name="mockData.js" path="C:\Users\ankur\OneDrive\Desktop\foodies\foodiesankur-1\src\utils\mockData.js">
        <metrics statements="1" coveredstatements="1" conditionals="0" coveredconditionals="0" methods="0" coveredmethods="0"/>
        <line num="1" count="1" type="stmt"/>
      </file>
      <file name="useOnlineStatus.js" path="C:\Users\ankur\OneDrive\Desktop\foodies\foodiesankur-1\src\utils\useOnlineStatus.js">
        <metrics statements="8" coveredstatements="6" conditionals="0" coveredconditionals="0" methods="4" coveredmethods="2"/>
        <line num="2" count="3" type="stmt"/>
        <line num="4" count="15" type="stmt"/>
        <line num="6" count="15" type="stmt"/>
        <line num="7" count="6" type="stmt"/>
        <line num="8" count="0" type="stmt"/>
        <line num="11" count="6" type="stmt"/>
        <line num="12" count="0" type="stmt"/>
        <line num="18" count="15" type="stmt"/>
      </file>
      <file name="useRestuarentMenu.js" path="C:\Users\ankur\OneDrive\Desktop\foodies\foodiesankur-1\src\utils\useRestuarentMenu.js">
        <metrics statements="9" coveredstatements="9" conditionals="0" coveredconditionals="0" methods="3" coveredmethods="3"/>
        <line num="4" count="1" type="stmt"/>
        <line num="5" count="3" type="stmt"/>
        <line num="6" count="3" type="stmt"/>
        <line num="7" count="1" type="stmt"/>
        <line num="10" count="3" type="stmt"/>
        <line num="11" count="1" type="stmt"/>
        <line num="12" count="1" type="stmt"/>
        <line num="13" count="1" type="stmt"/>
        <line num="16" count="3" type="stmt"/>
      </file>
    </package>
    <package name="foodiesankur-1.src.utils.Redux">
      <metrics statements="16" coveredstatements="7" conditionals="6" coveredconditionals="1" methods="8" coveredmethods="3"/>
      <file name="cartSlice.js" path="C:\Users\ankur\OneDrive\Desktop\foodies\foodiesankur-1\src\utils\Redux\cartSlice.js">
        <metrics statements="16" coveredstatements="7" conditionals="6" coveredconditionals="1" methods="8" coveredmethods="3"/>
        <line num="19" count="2" type="stmt"/>
        <line num="29" count="2" type="stmt"/>
        <line num="30" count="1" type="stmt"/>
        <line num="32" count="2" type="cond" truecount="1" falsecount="1"/>
        <line num="33" count="0" type="stmt"/>
        <line num="35" count="2" type="stmt"/>
        <line num="39" count="0" type="stmt"/>
        <line num="40" count="0" type="stmt"/>
        <line num="42" count="0" type="cond" truecount="0" falsecount="4"/>
        <line num="43" count="0" type="stmt"/>
        <line num="45" count="0" type="stmt"/>
        <line num="46" count="0" type="stmt"/>
        <line num="51" count="0" type="stmt"/>
        <line num="52" count="0" type="stmt"/>
        <line num="60" count="1" type="stmt"/>
        <line num="65" count="2" type="stmt"/>
      </file>
    </package>
    <package name="foodiesankur-1.src.utils.Store">
      <metrics statements="1" coveredstatements="1" conditionals="0" coveredconditionals="0" methods="0" coveredmethods="0"/>
      <file name="appStore.js" path="C:\Users\ankur\OneDrive\Desktop\foodies\foodiesankur-1\src\utils\Store\appStore.js">
        <metrics statements="1" coveredstatements="1" conditionals="0" coveredconditionals="0" methods="0" coveredmethods="0"/>
        <line num="3" count="2" type="stmt"/>
      </file>
    </package>
  </project>
</coverage>
