{"C:\\Users\\ankur\\OneDrive\\Desktop\\foodies\\foodiesankur-1\\src\\Components\\ContactUs.js": {"path":"C:\\Users\\ankur\\OneDrive\\Desktop\\foodies\\foodiesankur-1\\src\\Components\\ContactUs.js","statementMap":{"0":{"start":{"line":1,"column":16},"end":{"line":57,"column":3}},"1":{"start":{"line":2,"column":4},"end":{"line":56,"column":6}}},"fnMap":{"0":{"name":"(anonymous_0)","decl":{"start":{"line":1,"column":16},"end":{"line":1,"column":17}},"loc":{"start":{"line":1,"column":22},"end":{"line":57,"column":3}},"line":1}},"branchMap":{},"s":{"0":1,"1":4},"f":{"0":4},"b":{},"_coverageSchema":"1a1c01bbd47fc00a2c39e90264f33305004495a9","hash":"b4c3ac663cd4abddf0b341a52fdfcd8a94cb17d8"}
,"C:\\Users\\ankur\\OneDrive\\Desktop\\foodies\\foodiesankur-1\\src\\Components\\Header.js": {"path":"C:\\Users\\ankur\\OneDrive\\Desktop\\foodies\\foodiesankur-1\\src\\Components\\Header.js","statementMap":{"0":{"start":{"line":8,"column":15},"end":{"line":79,"column":3}},"1":{"start":{"line":9,"column":32},"end":{"line":9,"column":49}},"2":{"start":{"line":10,"column":17},"end":{"line":10,"column":34}},"3":{"start":{"line":16,"column":20},"end":{"line":18,"column":4}},"4":{"start":{"line":17,"column":4},"end":{"line":17,"column":20}},"5":{"start":{"line":20,"column":38},"end":{"line":20,"column":61}},"6":{"start":{"line":22,"column":22},"end":{"line":25,"column":3}},"7":{"start":{"line":23,"column":4},"end":{"line":23,"column":24}},"8":{"start":{"line":24,"column":4},"end":{"line":24,"column":31}},"9":{"start":{"line":27,"column":23},"end":{"line":30,"column":3}},"10":{"start":{"line":28,"column":4},"end":{"line":28,"column":25}},"11":{"start":{"line":29,"column":4},"end":{"line":29,"column":29}},"12":{"start":{"line":33,"column":4},"end":{"line":78,"column":6}},"13":{"start":{"line":62,"column":10},"end":{"line":62,"column":78}}},"fnMap":{"0":{"name":"(anonymous_0)","decl":{"start":{"line":8,"column":15},"end":{"line":8,"column":16}},"loc":{"start":{"line":8,"column":21},"end":{"line":79,"column":3}},"line":8},"1":{"name":"(anonymous_1)","decl":{"start":{"line":16,"column":32},"end":{"line":16,"column":33}},"loc":{"start":{"line":17,"column":4},"end":{"line":17,"column":20}},"line":17},"2":{"name":"(anonymous_2)","decl":{"start":{"line":22,"column":22},"end":{"line":22,"column":23}},"loc":{"start":{"line":22,"column":27},"end":{"line":25,"column":3}},"line":22},"3":{"name":"(anonymous_3)","decl":{"start":{"line":27,"column":23},"end":{"line":27,"column":24}},"loc":{"start":{"line":27,"column":28},"end":{"line":30,"column":3}},"line":27},"4":{"name":"(anonymous_4)","decl":{"start":{"line":61,"column":17},"end":{"line":61,"column":18}},"loc":{"start":{"line":61,"column":23},"end":{"line":65,"column":9}},"line":61}},"branchMap":{"0":{"loc":{"start":{"line":42,"column":24},"end":{"line":42,"column":44}},"type":"cond-expr","locations":[{"start":{"line":42,"column":33},"end":{"line":42,"column":37}},{"start":{"line":42,"column":40},"end":{"line":42,"column":44}}],"line":42},"1":{"loc":{"start":{"line":51,"column":24},"end":{"line":51,"column":96}},"type":"cond-expr","locations":[{"start":{"line":51,"column":47},"end":{"line":51,"column":84}},{"start":{"line":51,"column":87},"end":{"line":51,"column":96}}],"line":51},"2":{"loc":{"start":{"line":62,"column":10},"end":{"line":62,"column":77}},"type":"cond-expr","locations":[{"start":{"line":62,"column":33},"end":{"line":62,"column":53}},{"start":{"line":62,"column":56},"end":{"line":62,"column":77}}],"line":62},"3":{"loc":{"start":{"line":70,"column":3},"end":{"line":70,"column":68}},"type":"cond-expr","locations":[{"start":{"line":70,"column":26},"end":{"line":70,"column":47}},{"start":{"line":70,"column":50},"end":{"line":70,"column":68}}],"line":70}},"s":{"0":1,"1":4,"2":4,"3":4,"4":7,"5":4,"6":4,"7":0,"8":0,"9":4,"10":0,"11":0,"12":4,"13":1},"f":{"0":4,"1":7,"2":0,"3":0,"4":1},"b":{"0":[4,0],"1":[0,4],"2":[0,1],"3":[1,3]},"_coverageSchema":"1a1c01bbd47fc00a2c39e90264f33305004495a9","hash":"e23ded427ac42ace967170d078b1e4cd889fcf0b"}
,"C:\\Users\\ankur\\OneDrive\\Desktop\\foodies\\foodiesankur-1\\src\\Components\\RestuarentCard.js": {"path":"C:\\Users\\ankur\\OneDrive\\Desktop\\foodies\\foodiesankur-1\\src\\Components\\RestuarentCard.js","statementMap":{"0":{"start":{"line":4,"column":30},"end":{"line":21,"column":3}},"1":{"start":{"line":7,"column":24},"end":{"line":7,"column":29}},"2":{"start":{"line":9,"column":6},"end":{"line":20,"column":7}},"3":{"start":{"line":27,"column":26},"end":{"line":37,"column":3}},"4":{"start":{"line":28,"column":4},"end":{"line":36,"column":5}},"5":{"start":{"line":29,"column":8},"end":{"line":35,"column":9}}},"fnMap":{"0":{"name":"(anonymous_0)","decl":{"start":{"line":4,"column":30},"end":{"line":4,"column":31}},"loc":{"start":{"line":4,"column":40},"end":{"line":21,"column":3}},"line":4},"1":{"name":"(anonymous_1)","decl":{"start":{"line":27,"column":26},"end":{"line":27,"column":27}},"loc":{"start":{"line":27,"column":45},"end":{"line":37,"column":3}},"line":27},"2":{"name":"(anonymous_2)","decl":{"start":{"line":28,"column":11},"end":{"line":28,"column":12}},"loc":{"start":{"line":28,"column":22},"end":{"line":36,"column":5}},"line":28}},"branchMap":{},"s":{"0":1,"1":2,"2":2,"3":1,"4":0,"5":0},"f":{"0":2,"1":0,"2":0},"b":{},"_coverageSchema":"1a1c01bbd47fc00a2c39e90264f33305004495a9","hash":"b8f9198919b0a145e31d48a03511ede23d33db07"}
,"C:\\Users\\ankur\\OneDrive\\Desktop\\foodies\\foodiesankur-1\\src\\utils\\UserContext.js": {"path":"C:\\Users\\ankur\\OneDrive\\Desktop\\foodies\\foodiesankur-1\\src\\utils\\UserContext.js","statementMap":{"0":{"start":{"line":3,"column":20},"end":{"line":5,"column":2}}},"fnMap":{},"branchMap":{},"s":{"0":1},"f":{},"b":{},"_coverageSchema":"1a1c01bbd47fc00a2c39e90264f33305004495a9","hash":"a7da45471e9bdc56c1da52f9fbf6e72be03c7748"}
,"C:\\Users\\ankur\\OneDrive\\Desktop\\foodies\\foodiesankur-1\\src\\utils\\constant.js": {"path":"C:\\Users\\ankur\\OneDrive\\Desktop\\foodies\\foodiesankur-1\\src\\utils\\constant.js","statementMap":{"0":{"start":{"line":1,"column":16},"end":{"line":1,"column":99}},"1":{"start":{"line":3,"column":23},"end":{"line":3,"column":161}}},"fnMap":{},"branchMap":{},"s":{"0":1,"1":1},"f":{},"b":{},"_coverageSchema":"1a1c01bbd47fc00a2c39e90264f33305004495a9","hash":"0c0bf4a941eb58a73a2d65fb09aa1207a177ee67"}
,"C:\\Users\\ankur\\OneDrive\\Desktop\\foodies\\foodiesankur-1\\src\\utils\\useOnlineStatus.js": {"path":"C:\\Users\\ankur\\OneDrive\\Desktop\\foodies\\foodiesankur-1\\src\\utils\\useOnlineStatus.js","statementMap":{"0":{"start":{"line":2,"column":24},"end":{"line":19,"column":1}},"1":{"start":{"line":4,"column":43},"end":{"line":4,"column":57}},"2":{"start":{"line":6,"column":4},"end":{"line":15,"column":10}},"3":{"start":{"line":7,"column":8},"end":{"line":9,"column":10}},"4":{"start":{"line":8,"column":12},"end":{"line":8,"column":33}},"5":{"start":{"line":11,"column":8},"end":{"line":13,"column":10}},"6":{"start":{"line":12,"column":12},"end":{"line":12,"column":34}},"7":{"start":{"line":18,"column":4},"end":{"line":18,"column":23}}},"fnMap":{"0":{"name":"(anonymous_0)","decl":{"start":{"line":2,"column":24},"end":{"line":2,"column":25}},"loc":{"start":{"line":2,"column":29},"end":{"line":19,"column":1}},"line":2},"1":{"name":"(anonymous_1)","decl":{"start":{"line":6,"column":14},"end":{"line":6,"column":15}},"loc":{"start":{"line":6,"column":19},"end":{"line":15,"column":5}},"line":6},"2":{"name":"(anonymous_2)","decl":{"start":{"line":7,"column":42},"end":{"line":7,"column":43}},"loc":{"start":{"line":7,"column":47},"end":{"line":9,"column":9}},"line":7},"3":{"name":"(anonymous_3)","decl":{"start":{"line":11,"column":43},"end":{"line":11,"column":44}},"loc":{"start":{"line":11,"column":48},"end":{"line":13,"column":9}},"line":11}},"branchMap":{},"s":{"0":1,"1":4,"2":4,"3":3,"4":0,"5":3,"6":0,"7":4},"f":{"0":4,"1":3,"2":0,"3":0},"b":{},"_coverageSchema":"1a1c01bbd47fc00a2c39e90264f33305004495a9","hash":"b9a7b1337a2ab299de9540fec114a291b0c17173"}
,"C:\\Users\\ankur\\OneDrive\\Desktop\\foodies\\foodiesankur-1\\src\\utils\\Redux\\cartSlice.js": {"path":"C:\\Users\\ankur\\OneDrive\\Desktop\\foodies\\foodiesankur-1\\src\\utils\\Redux\\cartSlice.js","statementMap":{"0":{"start":{"line":19,"column":18},"end":{"line":63,"column":2}},"1":{"start":{"line":29,"column":33},"end":{"line":31,"column":13}},"2":{"start":{"line":30,"column":26},"end":{"line":30,"column":75}},"3":{"start":{"line":32,"column":12},"end":{"line":36,"column":13}},"4":{"start":{"line":33,"column":16},"end":{"line":33,"column":43}},"5":{"start":{"line":35,"column":16},"end":{"line":35,"column":69}},"6":{"start":{"line":39,"column":33},"end":{"line":41,"column":13}},"7":{"start":{"line":40,"column":26},"end":{"line":40,"column":75}},"8":{"start":{"line":42,"column":12},"end":{"line":48,"column":13}},"9":{"start":{"line":43,"column":16},"end":{"line":43,"column":43}},"10":{"start":{"line":45,"column":16},"end":{"line":47,"column":18}},"11":{"start":{"line":46,"column":30},"end":{"line":46,"column":79}},"12":{"start":{"line":51,"column":12},"end":{"line":53,"column":14}},"13":{"start":{"line":52,"column":26},"end":{"line":52,"column":75}},"14":{"start":{"line":60,"column":12},"end":{"line":60,"column":35}},"15":{"start":{"line":65,"column":63},"end":{"line":65,"column":80}}},"fnMap":{"0":{"name":"(anonymous_0)","decl":{"start":{"line":26,"column":17},"end":{"line":26,"column":18}},"loc":{"start":{"line":26,"column":36},"end":{"line":37,"column":9}},"line":26},"1":{"name":"(anonymous_1)","decl":{"start":{"line":30,"column":16},"end":{"line":30,"column":17}},"loc":{"start":{"line":30,"column":26},"end":{"line":30,"column":75}},"line":30},"2":{"name":"(anonymous_2)","decl":{"start":{"line":38,"column":20},"end":{"line":38,"column":21}},"loc":{"start":{"line":38,"column":39},"end":{"line":49,"column":9}},"line":38},"3":{"name":"(anonymous_3)","decl":{"start":{"line":40,"column":16},"end":{"line":40,"column":17}},"loc":{"start":{"line":40,"column":26},"end":{"line":40,"column":75}},"line":40},"4":{"name":"(anonymous_4)","decl":{"start":{"line":46,"column":20},"end":{"line":46,"column":21}},"loc":{"start":{"line":46,"column":30},"end":{"line":46,"column":79}},"line":46},"5":{"name":"(anonymous_5)","decl":{"start":{"line":50,"column":21},"end":{"line":50,"column":22}},"loc":{"start":{"line":50,"column":40},"end":{"line":54,"column":9}},"line":50},"6":{"name":"(anonymous_6)","decl":{"start":{"line":52,"column":16},"end":{"line":52,"column":17}},"loc":{"start":{"line":52,"column":26},"end":{"line":52,"column":75}},"line":52},"7":{"name":"(anonymous_7)","decl":{"start":{"line":55,"column":19},"end":{"line":55,"column":20}},"loc":{"start":{"line":55,"column":38},"end":{"line":61,"column":9}},"line":55}},"branchMap":{"0":{"loc":{"start":{"line":32,"column":12},"end":{"line":36,"column":13}},"type":"if","locations":[{"start":{"line":32,"column":12},"end":{"line":36,"column":13}},{"start":{"line":34,"column":19},"end":{"line":36,"column":13}}],"line":32},"1":{"loc":{"start":{"line":42,"column":12},"end":{"line":48,"column":13}},"type":"if","locations":[{"start":{"line":42,"column":12},"end":{"line":48,"column":13}},{"start":{"line":44,"column":19},"end":{"line":48,"column":13}}],"line":42},"2":{"loc":{"start":{"line":42,"column":16},"end":{"line":42,"column":57}},"type":"binary-expr","locations":[{"start":{"line":42,"column":16},"end":{"line":42,"column":28}},{"start":{"line":42,"column":32},"end":{"line":42,"column":57}}],"line":42}},"s":{"0":1,"1":0,"2":0,"3":0,"4":0,"5":0,"6":0,"7":0,"8":0,"9":0,"10":0,"11":0,"12":0,"13":0,"14":0,"15":1},"f":{"0":0,"1":0,"2":0,"3":0,"4":0,"5":0,"6":0,"7":0},"b":{"0":[0,0],"1":[0,0],"2":[0,0]},"_coverageSchema":"1a1c01bbd47fc00a2c39e90264f33305004495a9","hash":"a8b35e3feff735cc402ef43e1a7c2a33e69a151f"}
,"C:\\Users\\ankur\\OneDrive\\Desktop\\foodies\\foodiesankur-1\\src\\utils\\Store\\appStore.js": {"path":"C:\\Users\\ankur\\OneDrive\\Desktop\\foodies\\foodiesankur-1\\src\\utils\\Store\\appStore.js","statementMap":{"0":{"start":{"line":3,"column":17},"end":{"line":8,"column":2}}},"fnMap":{},"branchMap":{},"s":{"0":1},"f":{},"b":{},"_coverageSchema":"1a1c01bbd47fc00a2c39e90264f33305004495a9","hash":"0fe706f7426854efb82c945d435431d804b29586"}
}
