{"C:\\Users\\ankur\\OneDrive\\Desktop\\foodies\\foodiesankur-1\\src\\Components\\ContactUs.js": {"path":"C:\\Users\\ankur\\OneDrive\\Desktop\\foodies\\foodiesankur-1\\src\\Components\\ContactUs.js","statementMap":{"0":{"start":{"line":1,"column":16},"end":{"line":57,"column":3}},"1":{"start":{"line":2,"column":4},"end":{"line":56,"column":6}}},"fnMap":{"0":{"name":"(anonymous_0)","decl":{"start":{"line":1,"column":16},"end":{"line":1,"column":17}},"loc":{"start":{"line":1,"column":22},"end":{"line":57,"column":3}},"line":1}},"branchMap":{},"s":{"0":1,"1":4},"f":{"0":4},"b":{},"_coverageSchema":"1a1c01bbd47fc00a2c39e90264f33305004495a9","hash":"b4c3ac663cd4abddf0b341a52fdfcd8a94cb17d8"}
,"C:\\Users\\ankur\\OneDrive\\Desktop\\foodies\\foodiesankur-1\\src\\Components\\Yo.js": {"path":"C:\\Users\\ankur\\OneDrive\\Desktop\\foodies\\foodiesankur-1\\src\\Components\\Yo.js","statementMap":{"0":{"start":{"line":1,"column":19},"end":{"line":3,"column":1}},"1":{"start":{"line":2,"column":4},"end":{"line":2,"column":17}}},"fnMap":{"0":{"name":"(anonymous_0)","decl":{"start":{"line":1,"column":19},"end":{"line":1,"column":20}},"loc":{"start":{"line":1,"column":29},"end":{"line":3,"column":1}},"line":1}},"branchMap":{},"s":{"0":1,"1":1},"f":{"0":1},"b":{},"_coverageSchema":"1a1c01bbd47fc00a2c39e90264f33305004495a9","hash":"fd8973051d872da34dbb5742a4d7cc6ee88a37f8"}
}
