TN:
SF:jest-css-mock.js
FNF:0
FNH:0
DA:1,1
LF:1
LH:1
BRF:0
BRH:0
end_of_record
TN:
SF:src\Components\Body.js
FN:10,(anonymous_0)
FN:20,(anonymous_1)
FN:24,(anonymous_2)
FN:64,(anonymous_3)
FN:73,(anonymous_4)
FN:74,(anonymous_5)
FN:92,(anonymous_6)
FN:94,(anonymous_7)
FN:125,(anonymous_8)
FNF:9
FNH:9
FNDA:7,(anonymous_0)
FNDA:2,(anonymous_1)
FNDA:2,(anonymous_2)
FNDA:1,(anonymous_3)
FNDA:1,(anonymous_4)
FNDA:20,(anonymous_5)
FNDA:1,(anonymous_6)
FNDA:20,(anonymous_7)
FNDA:76,(anonymous_8)
DA:10,1
DA:11,7
DA:12,7
DA:13,7
DA:14,7
DA:16,7
DA:17,7
DA:20,7
DA:21,2
DA:24,7
DA:25,2
DA:28,2
DA:32,2
DA:35,2
DA:36,2
DA:37,2
DA:38,2
DA:40,0
DA:46,7
DA:47,7
DA:48,0
DA:52,7
DA:65,1
DA:66,1
DA:67,0
DA:74,1
DA:75,20
DA:79,1
DA:80,1
DA:82,0
DA:93,1
DA:94,20
DA:97,1
DA:98,1
DA:99,1
DA:101,0
DA:102,0
DA:126,76
LF:38
LH:32
BRDA:35,0,0,2
BRDA:35,0,1,0
BRDA:47,1,0,0
BRDA:47,1,1,7
BRDA:52,2,0,2
BRDA:52,2,1,5
BRDA:66,3,0,0
BRDA:66,3,1,1
BRDA:79,4,0,1
BRDA:79,4,1,0
BRDA:97,5,0,1
BRDA:97,5,1,0
BRF:12
BRH:7
end_of_record
TN:
SF:src\Components\Cart.js
FN:7,(anonymous_0)
FN:9,(anonymous_1)
FN:12,(anonymous_2)
FN:16,(anonymous_3)
FN:21,(anonymous_4)
FN:25,(anonymous_5)
FN:29,(anonymous_6)
FN:52,(anonymous_7)
FN:86,(anonymous_8)
FN:94,(anonymous_9)
FN:102,(anonymous_10)
FNF:11
FNH:5
FNDA:4,(anonymous_0)
FNDA:8,(anonymous_1)
FNDA:1,(anonymous_2)
FNDA:0,(anonymous_3)
FNDA:0,(anonymous_4)
FNDA:0,(anonymous_5)
FNDA:3,(anonymous_6)
FNDA:3,(anonymous_7)
FNDA:0,(anonymous_8)
FNDA:0,(anonymous_9)
FNDA:0,(anonymous_10)
DA:7,1
DA:9,8
DA:10,4
DA:12,4
DA:13,1
DA:16,4
DA:18,0
DA:21,4
DA:22,0
DA:25,4
DA:26,0
DA:29,4
DA:30,3
DA:37,4
DA:53,3
DA:86,0
DA:94,0
DA:102,0
LF:18
LH:12
BRDA:32,0,0,3
BRDA:32,0,1,0
BRDA:42,1,0,2
BRDA:42,1,1,2
BRDA:62,2,0,3
BRDA:62,2,1,0
BRDA:67,3,0,3
BRDA:67,3,1,3
BRF:8
BRH:6
end_of_record
TN:
SF:src\Components\ContactUs.js
FN:1,(anonymous_0)
FNF:1
FNH:1
FNDA:4,(anonymous_0)
DA:1,1
DA:2,4
LF:2
LH:2
BRF:0
BRH:0
end_of_record
TN:
SF:src\Components\Header.js
FN:8,(anonymous_0)
FN:16,(anonymous_1)
FN:22,(anonymous_2)
FN:27,(anonymous_3)
FN:61,(anonymous_4)
FNF:5
FNH:3
FNDA:8,(anonymous_0)
FNDA:15,(anonymous_1)
FNDA:0,(anonymous_2)
FNDA:0,(anonymous_3)
FNDA:1,(anonymous_4)
DA:8,2
DA:9,8
DA:10,8
DA:16,8
DA:17,15
DA:20,8
DA:22,8
DA:23,0
DA:24,0
DA:27,8
DA:28,0
DA:29,0
DA:33,8
DA:62,1
LF:14
LH:10
BRDA:42,0,0,8
BRDA:42,0,1,0
BRDA:51,1,0,2
BRDA:51,1,1,6
BRDA:62,2,0,0
BRDA:62,2,1,1
BRDA:70,3,0,1
BRDA:70,3,1,7
BRF:8
BRH:6
end_of_record
TN:
SF:src\Components\RestuarentCard.js
FN:4,(anonymous_0)
FN:27,(anonymous_1)
FN:28,(anonymous_2)
FNF:3
FNH:2
FNDA:78,(anonymous_0)
FNDA:7,(anonymous_1)
FNDA:0,(anonymous_2)
DA:4,2
DA:7,78
DA:9,78
DA:27,2
DA:28,7
DA:29,0
LF:6
LH:5
BRF:0
BRH:0
end_of_record
TN:
SF:src\Components\RestuarentMenu.js
FN:11,(anonymous_0)
FN:37,(anonymous_1)
FN:65,(anonymous_2)
FN:68,(anonymous_3)
FNF:4
FNH:4
FNDA:3,(anonymous_0)
FNDA:44,(anonymous_1)
FNDA:36,(anonymous_2)
FNDA:1,(anonymous_3)
DA:11,1
DA:12,3
DA:13,3
DA:14,3
DA:17,3
DA:19,3
DA:20,1
DA:23,2
DA:33,2
DA:36,2
DA:37,44
DA:40,2
DA:66,36
DA:69,1
LF:14
LH:14
BRDA:19,0,0,1
BRDA:19,0,1,2
BRDA:33,1,0,2
BRDA:33,1,1,0
BRDA:36,2,0,2
BRDA:36,2,1,0
BRDA:67,3,0,1
BRDA:67,3,1,35
BRDA:69,4,0,1
BRDA:69,4,1,0
BRF:10
BRH:7
end_of_record
TN:
SF:src\Components\Shimmer.js
FN:3,(anonymous_0)
FNF:1
FNH:1
FNDA:3,(anonymous_0)
DA:3,2
DA:4,3
LF:2
LH:2
BRF:0
BRH:0
end_of_record
TN:
SF:src\Components\Restuarents\RestuarentCateogies.js
FN:5,(anonymous_0)
FN:7,(anonymous_1)
FNF:2
FNH:2
FNDA:36,(anonymous_0)
FNDA:1,(anonymous_1)
DA:5,1
DA:7,36
DA:8,1
DA:12,36
LF:4
LH:4
BRDA:26,0,0,36
BRDA:26,0,1,1
BRF:2
BRH:2
end_of_record
TN:
SF:src\Components\Restuarents\RestuarentFood.js
FN:6,(anonymous_0)
FN:27,(anonymous_1)
FNF:2
FNH:2
FNDA:2,(anonymous_0)
FNDA:26,(anonymous_1)
DA:6,1
DA:10,2
DA:14,2
DA:16,2
DA:17,0
DA:19,2
DA:21,2
DA:28,26
DA:30,26
DA:32,26
DA:39,26
LF:11
LH:10
BRDA:14,0,0,2
BRDA:14,0,1,0
BRDA:14,0,2,0
BRDA:16,1,0,0
BRDA:16,1,1,2
BRDA:16,2,0,2
BRDA:16,2,1,2
BRDA:28,3,0,26
BRDA:28,3,1,26
BRDA:30,4,0,26
BRDA:30,4,1,26
BRDA:30,4,2,0
BRDA:32,5,0,26
BRDA:32,5,1,26
BRDA:32,6,0,0
BRDA:32,6,1,26
BRDA:35,7,0,26
BRDA:35,7,1,0
BRDA:50,8,0,26
BRDA:50,8,1,0
BRF:20
BRH:13
end_of_record
TN:
SF:src\Components\Restuarents\RestuarentOffers.js
FN:3,(anonymous_0)
FN:6,(anonymous_1)
FN:14,(anonymous_2)
FNF:3
FNH:3
FNDA:2,(anonymous_0)
FNDA:10,(anonymous_1)
FNDA:10,(anonymous_2)
DA:3,1
DA:5,2
DA:6,10
DA:10,2
DA:15,10
LF:5
LH:5
BRDA:5,0,0,2
BRDA:5,0,1,0
BRF:2
BRH:1
end_of_record
TN:
SF:src\Components\Restuarents\Restuarent_ItemList.js
FN:5,(anonymous_0)
FN:8,(anonymous_1)
FN:12,(anonymous_2)
FN:21,(anonymous_3)
FN:48,(anonymous_4)
FNF:5
FNH:5
FNDA:4,(anonymous_0)
FNDA:8,(anonymous_1)
FNDA:2,(anonymous_2)
FNDA:52,(anonymous_3)
FNDA:2,(anonymous_4)
DA:5,1
DA:6,4
DA:8,4
DA:9,8
DA:12,4
DA:14,2
DA:15,2
DA:19,4
DA:22,52
DA:48,2
LF:10
LH:10
BRDA:32,0,0,52
BRDA:32,0,1,0
BRDA:37,1,0,52
BRDA:37,1,1,52
BRF:4
BRH:3
end_of_record
TN:
SF:src\utils\UserContext.js
FNF:0
FNH:0
DA:3,3
LF:1
LH:1
BRF:0
BRH:0
end_of_record
TN:
SF:src\utils\constant.js
FNF:0
FNH:0
DA:1,3
DA:3,3
LF:2
LH:2
BRF:0
BRH:0
end_of_record
TN:
SF:src\utils\mockData.js
FNF:0
FNH:0
DA:1,1
LF:1
LH:1
BRF:0
BRH:0
end_of_record
TN:
SF:src\utils\useOnlineStatus.js
FN:2,(anonymous_0)
FN:6,(anonymous_1)
FN:7,(anonymous_2)
FN:11,(anonymous_3)
FNF:4
FNH:2
FNDA:15,(anonymous_0)
FNDA:6,(anonymous_1)
FNDA:0,(anonymous_2)
FNDA:0,(anonymous_3)
DA:2,3
DA:4,15
DA:6,15
DA:7,6
DA:8,0
DA:11,6
DA:12,0
DA:18,15
LF:8
LH:6
BRF:0
BRH:0
end_of_record
TN:
SF:src\utils\useRestuarentMenu.js
FN:4,(anonymous_0)
FN:6,(anonymous_1)
FN:10,(anonymous_2)
FNF:3
FNH:3
FNDA:3,(anonymous_0)
FNDA:1,(anonymous_1)
FNDA:1,(anonymous_2)
DA:4,1
DA:5,3
DA:6,3
DA:7,1
DA:10,3
DA:11,1
DA:12,1
DA:13,1
DA:16,3
LF:9
LH:9
BRF:0
BRH:0
end_of_record
TN:
SF:src\utils\Redux\cartSlice.js
FN:26,(anonymous_0)
FN:30,(anonymous_1)
FN:38,(anonymous_2)
FN:40,(anonymous_3)
FN:46,(anonymous_4)
FN:50,(anonymous_5)
FN:52,(anonymous_6)
FN:55,(anonymous_7)
FNF:8
FNH:3
FNDA:2,(anonymous_0)
FNDA:1,(anonymous_1)
FNDA:0,(anonymous_2)
FNDA:0,(anonymous_3)
FNDA:0,(anonymous_4)
FNDA:0,(anonymous_5)
FNDA:0,(anonymous_6)
FNDA:1,(anonymous_7)
DA:19,2
DA:29,2
DA:30,1
DA:32,2
DA:33,0
DA:35,2
DA:39,0
DA:40,0
DA:42,0
DA:43,0
DA:45,0
DA:46,0
DA:51,0
DA:52,0
DA:60,1
DA:65,2
LF:16
LH:7
BRDA:32,0,0,0
BRDA:32,0,1,2
BRDA:42,1,0,0
BRDA:42,1,1,0
BRDA:42,2,0,0
BRDA:42,2,1,0
BRF:6
BRH:1
end_of_record
TN:
SF:src\utils\Store\appStore.js
FNF:0
FNH:0
DA:3,2
LF:1
LH:1
BRF:0
BRH:0
end_of_record
